<?xml version="1.0" encoding="UTF-8"?>
<!-- Generated by org.testng.reporters.JUnitXMLReporter -->
<testsuite hostname="Mounika-PC" ignored="0" name="Test" tests="1" failures="1" timestamp="2019-09-13T00:51:35 IST" time="0.428" errors="0">
  <testcase name="start_Test" time="0.288" classname="DriverFactory.DriverScript1">
    <failure type="java.lang.NoSuchMethodError" message="org.apache.poi.util.POILogger.log(ILjava/lang/Object;)V">
      <![CDATA[java.lang.NoSuchMethodError: org.apache.poi.util.POILogger.log(ILjava/lang/Object;)V
at org.apache.poi.openxml4j.opc.PackageRelationshipCollection.parseRelationshipsPart(PackageRelationshipCollection.java:304)
at org.apache.poi.openxml4j.opc.PackageRelationshipCollection.<init>(PackageRelationshipCollection.java:156)
at org.apache.poi.openxml4j.opc.PackageRelationshipCollection.<init>(PackageRelationshipCollection.java:124)
at org.apache.poi.openxml4j.opc.PackagePart.loadRelationships(PackagePart.java:559)
at org.apache.poi.openxml4j.opc.PackagePart.<init>(PackagePart.java:112)
at org.apache.poi.openxml4j.opc.PackagePart.<init>(PackagePart.java:83)
at org.apache.poi.openxml4j.opc.PackagePart.<init>(PackagePart.java:128)
at org.apache.poi.openxml4j.opc.ZipPackagePart.<init>(ZipPackagePart.java:78)
at org.apache.poi.openxml4j.opc.ZipPackage.getPartsImpl(ZipPackage.java:218)
at org.apache.poi.openxml4j.opc.OPCPackage.getParts(OPCPackage.java:662)
at org.apache.poi.openxml4j.opc.OPCPackage.open(OPCPackage.java:269)
at org.apache.poi.ss.usermodel.WorkbookFactory.create(WorkbookFactory.java:73)
at Utilities.ExcelFileUtil.<init>(ExcelFileUtil.java:29)
at DriverFactory.DriverScript1.start_Test(DriverScript1.java:21)
at java.util.ArrayList.forEach(ArrayList.java:1257)
... Removed 27 stack frames]]>
    </failure>
  </testcase> <!-- start_Test -->
</testsuite> <!-- Test -->
